<?xml version="1.0" encoding="UTF-8"?>
<testng-results ignored="0" total="9" passed="9" failed="0" skipped="0">
  <reporter-output>
  </reporter-output>
  <suite started-at="2025-01-11T20:45:15 IST" name="Default suite" finished-at="2025-01-11T20:45:43 IST" duration-ms="27594">
    <groups>
      <group name="Smoke">
        <method signature="TestPIMPage.searchEmployee()[pri:1, instance:com.Hrms.tests.TestPIMPage@51e69659]" name="searchEmployee" class="com.Hrms.tests.TestPIMPage"/>
        <method signature="TestPIMPage.editEmployeeDetails()[pri:2, instance:com.Hrms.tests.TestPIMPage@51e69659]" name="editEmployeeDetails" class="com.Hrms.tests.TestPIMPage"/>
      </group> <!-- Smoke -->
    </groups>
    <test started-at="2025-01-11T20:45:15 IST" name="Default test" finished-at="2025-01-11T20:45:43 IST" duration-ms="27594">
      <class name="com.Hrms.tests.TestPIMPage">
        <test-method is-config="true" signature="setup()[pri:0, instance:com.Hrms.tests.TestPIMPage@51e69659]" started-at="2025-01-11T20:45:15 IST" name="setup" finished-at="2025-01-11T20:45:20 IST" duration-ms="5321" status="PASS">
          <reporter-output>
          </reporter-output>
        </test-method> <!-- setup -->
        <test-method signature="addEmployee()[pri:0, instance:com.Hrms.tests.TestPIMPage@51e69659]" started-at="2025-01-11T20:45:20 IST" name="addEmployee" description="Verify that an employee can be added successfully" finished-at="2025-01-11T20:45:37 IST" duration-ms="16191" status="PASS">
          <reporter-output>
          </reporter-output>
        </test-method> <!-- addEmployee -->
        <test-method signature="searchEmployee()[pri:1, instance:com.Hrms.tests.TestPIMPage@51e69659]" started-at="2025-01-11T20:45:37 IST" name="searchEmployee" description="Verify that the search functionality returns the correct employee" finished-at="2025-01-11T20:45:37 IST" duration-ms="4" status="PASS">
          <reporter-output>
          </reporter-output>
        </test-method> <!-- searchEmployee -->
        <test-method signature="editEmployeeDetails()[pri:2, instance:com.Hrms.tests.TestPIMPage@51e69659]" started-at="2025-01-11T20:45:37 IST" name="editEmployeeDetails" description="Verify that employee details can be edited successfully" finished-at="2025-01-11T20:45:37 IST" depends-on-methods="com.Hrms.tests.TestPIMPage.searchEmployee" duration-ms="0" status="PASS">
          <reporter-output>
          </reporter-output>
        </test-method> <!-- editEmployeeDetails -->
        <test-method signature="deleteEmployee()[pri:3, instance:com.Hrms.tests.TestPIMPage@51e69659]" started-at="2025-01-11T20:45:37 IST" name="deleteEmployee" description="Verify that an employee can be deleted successfully" finished-at="2025-01-11T20:45:37 IST" duration-ms="0" status="PASS">
          <reporter-output>
          </reporter-output>
        </test-method> <!-- deleteEmployee -->
        <test-method signature="viewEmployeeList()[pri:4, instance:com.Hrms.tests.TestPIMPage@51e69659]" started-at="2025-01-11T20:45:37 IST" name="viewEmployeeList" description="Verify that the employee list is displayed correctly with accurate information" finished-at="2025-01-11T20:45:37 IST" duration-ms="0" status="PASS">
          <reporter-output>
          </reporter-output>
        </test-method> <!-- viewEmployeeList -->
        <test-method signature="addEmployeePhotos()[pri:5, instance:com.Hrms.tests.TestPIMPage@51e69659]" started-at="2025-01-11T20:45:37 IST" name="addEmployeePhotos" description="Verify that photos can be added to employee profiles" finished-at="2025-01-11T20:45:37 IST" duration-ms="0" status="PASS">
          <reporter-output>
          </reporter-output>
        </test-method> <!-- addEmployeePhotos -->
        <test-method signature="viewEmployeeDetails()[pri:6, instance:com.Hrms.tests.TestPIMPage@51e69659]" started-at="2025-01-11T20:45:37 IST" name="viewEmployeeDetails" description="Verify that employee details are correctly displayed" finished-at="2025-01-11T20:45:37 IST" duration-ms="4" status="PASS">
          <reporter-output>
          </reporter-output>
        </test-method> <!-- viewEmployeeDetails -->
        <test-method signature="editEmploymentStatus()[pri:7, instance:com.Hrms.tests.TestPIMPage@51e69659]" started-at="2025-01-11T20:45:37 IST" name="editEmploymentStatus" description="Verify that the employment status of an employee can be updated" finished-at="2025-01-11T20:45:43 IST" duration-ms="5927" status="PASS">
          <reporter-output>
          </reporter-output>
        </test-method> <!-- editEmploymentStatus -->
        <test-method signature="filterEmployeeList()[pri:8, instance:com.Hrms.tests.TestPIMPage@51e69659]" started-at="2025-01-11T20:45:43 IST" name="filterEmployeeList" description="Verify that the employee list can be filtered based on various criteria" finished-at="2025-01-11T20:45:43 IST" duration-ms="6" status="PASS">
          <reporter-output>
          </reporter-output>
        </test-method> <!-- filterEmployeeList -->
        <test-method is-config="true" signature="close()[pri:0, instance:com.Hrms.tests.TestPIMPage@51e69659]" started-at="2025-01-11T20:45:43 IST" name="close" finished-at="2025-01-11T20:45:43 IST" duration-ms="0" status="PASS">
          <reporter-output>
          </reporter-output>
        </test-method> <!-- close -->
      </class> <!-- com.Hrms.tests.TestPIMPage -->
    </test> <!-- Default test -->
  </suite> <!-- Default suite -->
</testng-results>
